[    6355ms] [WARNING] A speculation rule set was inserted into the document but will be ignored. This might happen, for example, if it was previously inserted into another document, or if it was created using the innerHTML setter. @ https://www.google.com/search?q=icann+.pay&rlz=1C5OZZY_enUS1215US1215&oq=icann+.pay&gs_lcrp=EgZjaHJvbWUyBggAEEUYOTIICAEQABgWGB4yCAgCEAAYFhgeMggIAxAAGBYYHjINCAQQABiGAxiABBiKBTINCAUQABiGAxiABBiKBTIKCAYQABiABBiiBDIHCAcQABjvBdIBCDI5MDhqMGo3qAIAsAIA&sourceid=chrome&ie=UTF-8:35
[  253433ms] [WARNING] Mixed Content: The page at 'https://www.google.com/search?q=godaddy&rlz=1C5OZZY_enUS1215US1215&oq=god&gs_lcrp=EgZjaHJvbWUqEggAEAAYQxjjAhixAxiABBiKBTISCAAQABhDGOMCGLEDGIAEGIoFMhUIARAuGEMYxwEYsQMY0QMYgAQYigUyBggCEEUYOTIMCAMQABhDGIAEGIoFMhIIBBAAGEMYgwEYsQMYgAQYigUyDAgFEAAYQxiABBiKBTIMCAYQABhDGIAEGIoFMgYIBxBFGDzSAQc4ODVqMGo5qAIGsAIB8QVo80zyqt3G6Q&sourceid=chrome&ie=UTF-8' was loaded over HTTPS, but requested an insecure element 'http://img.youtube.com/vi/gJye9L-JHCA/hqdefault.jpg'. This request was automatically upgraded to HTTPS, For more information see https://blog.chromium.org/2019/10/no-more-mixed-messages-about-https.html @ https://www.google.com/search?q=godaddy&rlz=1C5OZZY_enUS1215US1215&oq=god&gs_lcrp=EgZjaHJvbWUqEggAEAAYQxjjAhixAxiABBiKBTISCAAQABhDGOMCGLEDGIAEGIoFMhUIARAuGEMYxwEYsQMY0QMYgAQYigUyBggCEEUYOTIMCAMQABhDGIAEGIoFMhIIBBAAGEMYgwEYsQMYgAQYigUyDAgFEAAYQxiABBiKBTIMCAYQABhDGIAEGIoFMgYIBxBFGDzSAQc4ODVqMGo5qAIGsAIB8QVo80zyqt3G6Q&sourceid=chrome&ie=UTF-8:0
[  253433ms] [WARNING] Mixed Content: The page at 'https://www.google.com/search?q=godaddy&rlz=1C5OZZY_enUS1215US1215&oq=god&gs_lcrp=EgZjaHJvbWUqEggAEAAYQxjjAhixAxiABBiKBTISCAAQABhDGOMCGLEDGIAEGIoFMhUIARAuGEMYxwEYsQMY0QMYgAQYigUyBggCEEUYOTIMCAMQABhDGIAEGIoFMhIIBBAAGEMYgwEYsQMYgAQYigUyDAgFEAAYQxiABBiKBTIMCAYQABhDGIAEGIoFMgYIBxBFGDzSAQc4ODVqMGo5qAIGsAIB8QVo80zyqt3G6Q&sourceid=chrome&ie=UTF-8' was loaded over HTTPS, but requested an insecure element 'http://img.youtube.com/vi/8SkYc8nngR8/hqdefault.jpg'. This request was automatically upgraded to HTTPS, For more information see https://blog.chromium.org/2019/10/no-more-mixed-messages-about-https.html @ https://www.google.com/search?q=godaddy&rlz=1C5OZZY_enUS1215US1215&oq=god&gs_lcrp=EgZjaHJvbWUqEggAEAAYQxjjAhixAxiABBiKBTISCAAQABhDGOMCGLEDGIAEGIoFMhUIARAuGEMYxwEYsQMY0QMYgAQYigUyBggCEEUYOTIMCAMQABhDGIAEGIoFMhIIBBAAGEMYgwEYsQMYgAQYigUyDAgFEAAYQxiABBiKBTIMCAYQABhDGIAEGIoFMgYIBxBFGDzSAQc4ODVqMGo5qAIGsAIB8QVo80zyqt3G6Q&sourceid=chrome&ie=UTF-8:0
[  253433ms] [WARNING] Mixed Content: The page at 'https://www.google.com/search?q=godaddy&rlz=1C5OZZY_enUS1215US1215&oq=god&gs_lcrp=EgZjaHJvbWUqEggAEAAYQxjjAhixAxiABBiKBTISCAAQABhDGOMCGLEDGIAEGIoFMhUIARAuGEMYxwEYsQMY0QMYgAQYigUyBggCEEUYOTIMCAMQABhDGIAEGIoFMhIIBBAAGEMYgwEYsQMYgAQYigUyDAgFEAAYQxiABBiKBTIMCAYQABhDGIAEGIoFMgYIBxBFGDzSAQc4ODVqMGo5qAIGsAIB8QVo80zyqt3G6Q&sourceid=chrome&ie=UTF-8' was loaded over HTTPS, but requested an insecure element 'http://img.youtube.com/vi/Xw-Nz-7exnk/hqdefault.jpg'. This request was automatically upgraded to HTTPS, For more information see https://blog.chromium.org/2019/10/no-more-mixed-messages-about-https.html @ https://www.google.com/search?q=godaddy&rlz=1C5OZZY_enUS1215US1215&oq=god&gs_lcrp=EgZjaHJvbWUqEggAEAAYQxjjAhixAxiABBiKBTISCAAQABhDGOMCGLEDGIAEGIoFMhUIARAuGEMYxwEYsQMY0QMYgAQYigUyBggCEEUYOTIMCAMQABhDGIAEGIoFMhIIBBAAGEMYgwEYsQMYgAQYigUyDAgFEAAYQxiABBiKBTIMCAYQABhDGIAEGIoFMgYIBxBFGDzSAQc4ODVqMGo5qAIGsAIB8QVo80zyqt3G6Q&sourceid=chrome&ie=UTF-8:0
[  253434ms] [WARNING] Mixed Content: The page at 'https://www.google.com/search?q=godaddy&rlz=1C5OZZY_enUS1215US1215&oq=god&gs_lcrp=EgZjaHJvbWUqEggAEAAYQxjjAhixAxiABBiKBTISCAAQABhDGOMCGLEDGIAEGIoFMhUIARAuGEMYxwEYsQMY0QMYgAQYigUyBggCEEUYOTIMCAMQABhDGIAEGIoFMhIIBBAAGEMYgwEYsQMYgAQYigUyDAgFEAAYQxiABBiKBTIMCAYQABhDGIAEGIoFMgYIBxBFGDzSAQc4ODVqMGo5qAIGsAIB8QVo80zyqt3G6Q&sourceid=chrome&ie=UTF-8' was loaded over HTTPS, but requested an insecure element 'http://img.youtube.com/vi/bMqzf07OV0k/hqdefault.jpg'. This request was automatically upgraded to HTTPS, For more information see https://blog.chromium.org/2019/10/no-more-mixed-messages-about-https.html @ https://www.google.com/search?q=godaddy&rlz=1C5OZZY_enUS1215US1215&oq=god&gs_lcrp=EgZjaHJvbWUqEggAEAAYQxjjAhixAxiABBiKBTISCAAQABhDGOMCGLEDGIAEGIoFMhUIARAuGEMYxwEYsQMY0QMYgAQYigUyBggCEEUYOTIMCAMQABhDGIAEGIoFMhIIBBAAGEMYgwEYsQMYgAQYigUyDAgFEAAYQxiABBiKBTIMCAYQABhDGIAEGIoFMgYIBxBFGDzSAQc4ODVqMGo5qAIGsAIB8QVo80zyqt3G6Q&sourceid=chrome&ie=UTF-8:0
[  253434ms] [WARNING] Mixed Content: The page at 'https://www.google.com/search?q=godaddy&rlz=1C5OZZY_enUS1215US1215&oq=god&gs_lcrp=EgZjaHJvbWUqEggAEAAYQxjjAhixAxiABBiKBTISCAAQABhDGOMCGLEDGIAEGIoFMhUIARAuGEMYxwEYsQMY0QMYgAQYigUyBggCEEUYOTIMCAMQABhDGIAEGIoFMhIIBBAAGEMYgwEYsQMYgAQYigUyDAgFEAAYQxiABBiKBTIMCAYQABhDGIAEGIoFMgYIBxBFGDzSAQc4ODVqMGo5qAIGsAIB8QVo80zyqt3G6Q&sourceid=chrome&ie=UTF-8' was loaded over HTTPS, but requested an insecure element 'http://img.youtube.com/vi/K2Gj9BufAqo/hqdefault.jpg'. This request was automatically upgraded to HTTPS, For more information see https://blog.chromium.org/2019/10/no-more-mixed-messages-about-https.html @ https://www.google.com/search?q=godaddy&rlz=1C5OZZY_enUS1215US1215&oq=god&gs_lcrp=EgZjaHJvbWUqEggAEAAYQxjjAhixAxiABBiKBTISCAAQABhDGOMCGLEDGIAEGIoFMhUIARAuGEMYxwEYsQMY0QMYgAQYigUyBggCEEUYOTIMCAMQABhDGIAEGIoFMhIIBBAAGEMYgwEYsQMYgAQYigUyDAgFEAAYQxiABBiKBTIMCAYQABhDGIAEGIoFMgYIBxBFGDzSAQc4ODVqMGo5qAIGsAIB8QVo80zyqt3G6Q&sourceid=chrome&ie=UTF-8:0
[  253434ms] [WARNING] Mixed Content: The page at 'https://www.google.com/search?q=godaddy&rlz=1C5OZZY_enUS1215US1215&oq=god&gs_lcrp=EgZjaHJvbWUqEggAEAAYQxjjAhixAxiABBiKBTISCAAQABhDGOMCGLEDGIAEGIoFMhUIARAuGEMYxwEYsQMY0QMYgAQYigUyBggCEEUYOTIMCAMQABhDGIAEGIoFMhIIBBAAGEMYgwEYsQMYgAQYigUyDAgFEAAYQxiABBiKBTIMCAYQABhDGIAEGIoFMgYIBxBFGDzSAQc4ODVqMGo5qAIGsAIB8QVo80zyqt3G6Q&sourceid=chrome&ie=UTF-8' was loaded over HTTPS, but requested an insecure element 'http://img.youtube.com/vi/b3ASWbxhkxQ/hqdefault.jpg'. This request was automatically upgraded to HTTPS, For more information see https://blog.chromium.org/2019/10/no-more-mixed-messages-about-https.html @ https://www.google.com/search?q=godaddy&rlz=1C5OZZY_enUS1215US1215&oq=god&gs_lcrp=EgZjaHJvbWUqEggAEAAYQxjjAhixAxiABBiKBTISCAAQABhDGOMCGLEDGIAEGIoFMhUIARAuGEMYxwEYsQMY0QMYgAQYigUyBggCEEUYOTIMCAMQABhDGIAEGIoFMhIIBBAAGEMYgwEYsQMYgAQYigUyDAgFEAAYQxiABBiKBTIMCAYQABhDGIAEGIoFMgYIBxBFGDzSAQc4ODVqMGo5qAIGsAIB8QVo80zyqt3G6Q&sourceid=chrome&ie=UTF-8:0
[  253434ms] [WARNING] Mixed Content: The page at 'https://www.google.com/search?q=godaddy&rlz=1C5OZZY_enUS1215US1215&oq=god&gs_lcrp=EgZjaHJvbWUqEggAEAAYQxjjAhixAxiABBiKBTISCAAQABhDGOMCGLEDGIAEGIoFMhUIARAuGEMYxwEYsQMY0QMYgAQYigUyBggCEEUYOTIMCAMQABhDGIAEGIoFMhIIBBAAGEMYgwEYsQMYgAQYigUyDAgFEAAYQxiABBiKBTIMCAYQABhDGIAEGIoFMgYIBxBFGDzSAQc4ODVqMGo5qAIGsAIB8QVo80zyqt3G6Q&sourceid=chrome&ie=UTF-8' was loaded over HTTPS, but requested an insecure element 'http://img.youtube.com/vi/zqpGHlv8pqs/hqdefault.jpg'. This request was automatically upgraded to HTTPS, For more information see https://blog.chromium.org/2019/10/no-more-mixed-messages-about-https.html @ https://www.google.com/search?q=godaddy&rlz=1C5OZZY_enUS1215US1215&oq=god&gs_lcrp=EgZjaHJvbWUqEggAEAAYQxjjAhixAxiABBiKBTISCAAQABhDGOMCGLEDGIAEGIoFMhUIARAuGEMYxwEYsQMY0QMYgAQYigUyBggCEEUYOTIMCAMQABhDGIAEGIoFMhIIBBAAGEMYgwEYsQMYgAQYigUyDAgFEAAYQxiABBiKBTIMCAYQABhDGIAEGIoFMgYIBxBFGDzSAQc4ODVqMGo5qAIGsAIB8QVo80zyqt3G6Q&sourceid=chrome&ie=UTF-8:0
[  253434ms] [WARNING] Mixed Content: The page at 'https://www.google.com/search?q=godaddy&rlz=1C5OZZY_enUS1215US1215&oq=god&gs_lcrp=EgZjaHJvbWUqEggAEAAYQxjjAhixAxiABBiKBTISCAAQABhDGOMCGLEDGIAEGIoFMhUIARAuGEMYxwEYsQMY0QMYgAQYigUyBggCEEUYOTIMCAMQABhDGIAEGIoFMhIIBBAAGEMYgwEYsQMYgAQYigUyDAgFEAAYQxiABBiKBTIMCAYQABhDGIAEGIoFMgYIBxBFGDzSAQc4ODVqMGo5qAIGsAIB8QVo80zyqt3G6Q&sourceid=chrome&ie=UTF-8' was loaded over HTTPS, but requested an insecure element 'http://img.youtube.com/vi/-UFKzM0VfAc/hqdefault.jpg'. This request was automatically upgraded to HTTPS, For more information see https://blog.chromium.org/2019/10/no-more-mixed-messages-about-https.html @ https://www.google.com/search?q=godaddy&rlz=1C5OZZY_enUS1215US1215&oq=god&gs_lcrp=EgZjaHJvbWUqEggAEAAYQxjjAhixAxiABBiKBTISCAAQABhDGOMCGLEDGIAEGIoFMhUIARAuGEMYxwEYsQMY0QMYgAQYigUyBggCEEUYOTIMCAMQABhDGIAEGIoFMhIIBBAAGEMYgwEYsQMYgAQYigUyDAgFEAAYQxiABBiKBTIMCAYQABhDGIAEGIoFMgYIBxBFGDzSAQc4ODVqMGo5qAIGsAIB8QVo80zyqt3G6Q&sourceid=chrome&ie=UTF-8:0
[  259390ms] Error: Minified React error #418; visit https://reactjs.org/docs/error-decoder.html?invariant=418 for the full message or use the non-minified dev environment for full errors and additional helpful warnings.
    at oa (https://img6.wsimg.com/ux-assets/react/18/react-dom.umd.js:10:48168)
    at Do (https://img6.wsimg.com/ux-assets/react/18/react-dom.umd.js:10:78074)
    at wi (https://img6.wsimg.com/ux-assets/react/18/react-dom.umd.js:10:121083)
    at vs (https://img6.wsimg.com/ux-assets/react/18/react-dom.umd.js:10:108458)
    at hs (https://img6.wsimg.com/ux-assets/react/18/react-dom.umd.js:10:108386)
    at ms (https://img6.wsimg.com/ux-assets/react/18/react-dom.umd.js:10:108249)
    at ts (https://img6.wsimg.com/ux-assets/react/18/react-dom.umd.js:10:103414)
    at w (https://img6.wsimg.com/ux-assets/react/18/react-dom.umd.js:1:1856)
    at MessagePort.P (https://img6.wsimg.com/ux-assets/react/18/react-dom.umd.js:1:2388)
[  259390ms] Error: Minified React error #423; visit https://reactjs.org/docs/error-decoder.html?invariant=423 for the full message or use the non-minified dev environment for full errors and additional helpful warnings.
    at wi (https://img6.wsimg.com/ux-assets/react/18/react-dom.umd.js:10:120566)
    at vs (https://img6.wsimg.com/ux-assets/react/18/react-dom.umd.js:10:108458)
    at hs (https://img6.wsimg.com/ux-assets/react/18/react-dom.umd.js:10:108386)
    at ms (https://img6.wsimg.com/ux-assets/react/18/react-dom.umd.js:10:108249)
    at rs (https://img6.wsimg.com/ux-assets/react/18/react-dom.umd.js:10:105084)
    at ts (https://img6.wsimg.com/ux-assets/react/18/react-dom.umd.js:10:103640)
    at w (https://img6.wsimg.com/ux-assets/react/18/react-dom.umd.js:1:1856)
    at MessagePort.P (https://img6.wsimg.com/ux-assets/react/18/react-dom.umd.js:1:2388)
[  259849ms] [ERROR] Error resolving from component map (LocalizedUrl) @ https://www.godaddy.com/storefront-assets/86/_next/static/chunks/pages/_app-522d13b5f60fc9f4.js:0
[  259850ms] [ERROR] Error resolving from component map (AcquisitionModalProps) @ https://www.godaddy.com/storefront-assets/86/_next/static/chunks/pages/_app-522d13b5f60fc9f4.js:0
[  259873ms] [ERROR] Error resolving from component map (LocalizedUrl) @ https://www.godaddy.com/storefront-assets/86/_next/static/chunks/pages/_app-522d13b5f60fc9f4.js:0
[  259873ms] [ERROR] Error resolving from component map (AcquisitionModalProps) @ https://www.godaddy.com/storefront-assets/86/_next/static/chunks/pages/_app-522d13b5f60fc9f4.js:0
[  259905ms] Error: Minified React error #418; visit https://reactjs.org/docs/error-decoder.html?invariant=418 for the full message or use the non-minified dev environment for full errors and additional helpful warnings.
    at oa (https://img6.wsimg.com/ux-assets/react/18/react-dom.umd.js:10:48288)
    at wi (https://img6.wsimg.com/ux-assets/react/18/react-dom.umd.js:10:120880)
    at vs (https://img6.wsimg.com/ux-assets/react/18/react-dom.umd.js:10:108458)
    at hs (https://img6.wsimg.com/ux-assets/react/18/react-dom.umd.js:10:108386)
    at ms (https://img6.wsimg.com/ux-assets/react/18/react-dom.umd.js:10:108249)
    at ts (https://img6.wsimg.com/ux-assets/react/18/react-dom.umd.js:10:103414)
    at w (https://img6.wsimg.com/ux-assets/react/18/react-dom.umd.js:1:1856)
    at MessagePort.P (https://img6.wsimg.com/ux-assets/react/18/react-dom.umd.js:1:2388)
[  259906ms] Error: Minified React error #418; visit https://reactjs.org/docs/error-decoder.html?invariant=418 for the full message or use the non-minified dev environment for full errors and additional helpful warnings.
    at oa (https://img6.wsimg.com/ux-assets/react/18/react-dom.umd.js:10:48168)
    at wi (https://img6.wsimg.com/ux-assets/react/18/react-dom.umd.js:10:120880)
    at vs (https://img6.wsimg.com/ux-assets/react/18/react-dom.umd.js:10:108458)
    at hs (https://img6.wsimg.com/ux-assets/react/18/react-dom.umd.js:10:108386)
    at ms (https://img6.wsimg.com/ux-assets/react/18/react-dom.umd.js:10:108249)
    at ts (https://img6.wsimg.com/ux-assets/react/18/react-dom.umd.js:10:103414)
    at w (https://img6.wsimg.com/ux-assets/react/18/react-dom.umd.js:1:1856)
    at MessagePort.P (https://img6.wsimg.com/ux-assets/react/18/react-dom.umd.js:1:2388)
[  259906ms] Error: Minified React error #418; visit https://reactjs.org/docs/error-decoder.html?invariant=418 for the full message or use the non-minified dev environment for full errors and additional helpful warnings.
    at oa (https://img6.wsimg.com/ux-assets/react/18/react-dom.umd.js:10:48168)
    at wi (https://img6.wsimg.com/ux-assets/react/18/react-dom.umd.js:10:120880)
    at vs (https://img6.wsimg.com/ux-assets/react/18/react-dom.umd.js:10:108458)
    at hs (https://img6.wsimg.com/ux-assets/react/18/react-dom.umd.js:10:108386)
    at ms (https://img6.wsimg.com/ux-assets/react/18/react-dom.umd.js:10:108249)
    at ts (https://img6.wsimg.com/ux-assets/react/18/react-dom.umd.js:10:103414)
    at w (https://img6.wsimg.com/ux-assets/react/18/react-dom.umd.js:1:1856)
    at MessagePort.P (https://img6.wsimg.com/ux-assets/react/18/react-dom.umd.js:1:2388)
[  259906ms] Error: Minified React error #418; visit https://reactjs.org/docs/error-decoder.html?invariant=418 for the full message or use the non-minified dev environment for full errors and additional helpful warnings.
    at oa (https://img6.wsimg.com/ux-assets/react/18/react-dom.umd.js:10:48168)
    at wi (https://img6.wsimg.com/ux-assets/react/18/react-dom.umd.js:10:120880)
    at vs (https://img6.wsimg.com/ux-assets/react/18/react-dom.umd.js:10:108458)
    at hs (https://img6.wsimg.com/ux-assets/react/18/react-dom.umd.js:10:108386)
    at ms (https://img6.wsimg.com/ux-assets/react/18/react-dom.umd.js:10:108249)
    at ts (https://img6.wsimg.com/ux-assets/react/18/react-dom.umd.js:10:103414)
    at w (https://img6.wsimg.com/ux-assets/react/18/react-dom.umd.js:1:1856)
    at MessagePort.P (https://img6.wsimg.com/ux-assets/react/18/react-dom.umd.js:1:2388)
[  259906ms] Error: Minified React error #418; visit https://reactjs.org/docs/error-decoder.html?invariant=418 for the full message or use the non-minified dev environment for full errors and additional helpful warnings.
    at oa (https://img6.wsimg.com/ux-assets/react/18/react-dom.umd.js:10:48168)
    at wi (https://img6.wsimg.com/ux-assets/react/18/react-dom.umd.js:10:120880)
    at vs (https://img6.wsimg.com/ux-assets/react/18/react-dom.umd.js:10:108458)
    at hs (https://img6.wsimg.com/ux-assets/react/18/react-dom.umd.js:10:108386)
    at ms (https://img6.wsimg.com/ux-assets/react/18/react-dom.umd.js:10:108249)
    at ts (https://img6.wsimg.com/ux-assets/react/18/react-dom.umd.js:10:103414)
    at w (https://img6.wsimg.com/ux-assets/react/18/react-dom.umd.js:1:1856)
    at MessagePort.P (https://img6.wsimg.com/ux-assets/react/18/react-dom.umd.js:1:2388)
[  259906ms] Error: Minified React error #418; visit https://reactjs.org/docs/error-decoder.html?invariant=418 for the full message or use the non-minified dev environment for full errors and additional helpful warnings.
    at oa (https://img6.wsimg.com/ux-assets/react/18/react-dom.umd.js:10:48168)
    at wi (https://img6.wsimg.com/ux-assets/react/18/react-dom.umd.js:10:120880)
    at vs (https://img6.wsimg.com/ux-assets/react/18/react-dom.umd.js:10:108458)
    at hs (https://img6.wsimg.com/ux-assets/react/18/react-dom.umd.js:10:108386)
    at ms (https://img6.wsimg.com/ux-assets/react/18/react-dom.umd.js:10:108249)
    at ts (https://img6.wsimg.com/ux-assets/react/18/react-dom.umd.js:10:103414)
    at w (https://img6.wsimg.com/ux-assets/react/18/react-dom.umd.js:1:1856)
    at MessagePort.P (https://img6.wsimg.com/ux-assets/react/18/react-dom.umd.js:1:2388)
[  259906ms] Error: Minified React error #418; visit https://reactjs.org/docs/error-decoder.html?invariant=418 for the full message or use the non-minified dev environment for full errors and additional helpful warnings.
    at oa (https://img6.wsimg.com/ux-assets/react/18/react-dom.umd.js:10:48168)
    at wi (https://img6.wsimg.com/ux-assets/react/18/react-dom.umd.js:10:120880)
    at vs (https://img6.wsimg.com/ux-assets/react/18/react-dom.umd.js:10:108458)
    at hs (https://img6.wsimg.com/ux-assets/react/18/react-dom.umd.js:10:108386)
    at ms (https://img6.wsimg.com/ux-assets/react/18/react-dom.umd.js:10:108249)
    at ts (https://img6.wsimg.com/ux-assets/react/18/react-dom.umd.js:10:103414)
    at w (https://img6.wsimg.com/ux-assets/react/18/react-dom.umd.js:1:1856)
    at MessagePort.P (https://img6.wsimg.com/ux-assets/react/18/react-dom.umd.js:1:2388)
[  259906ms] Error: Minified React error #418; visit https://reactjs.org/docs/error-decoder.html?invariant=418 for the full message or use the non-minified dev environment for full errors and additional helpful warnings.
    at oa (https://img6.wsimg.com/ux-assets/react/18/react-dom.umd.js:10:48168)
    at wi (https://img6.wsimg.com/ux-assets/react/18/react-dom.umd.js:10:120880)
    at vs (https://img6.wsimg.com/ux-assets/react/18/react-dom.umd.js:10:108458)
    at hs (https://img6.wsimg.com/ux-assets/react/18/react-dom.umd.js:10:108386)
    at ms (https://img6.wsimg.com/ux-assets/react/18/react-dom.umd.js:10:108249)
    at ts (https://img6.wsimg.com/ux-assets/react/18/react-dom.umd.js:10:103414)
    at w (https://img6.wsimg.com/ux-assets/react/18/react-dom.umd.js:1:1856)
    at MessagePort.P (https://img6.wsimg.com/ux-assets/react/18/react-dom.umd.js:1:2388)
[  259906ms] Error: Minified React error #418; visit https://reactjs.org/docs/error-decoder.html?invariant=418 for the full message or use the non-minified dev environment for full errors and additional helpful warnings.
    at oa (https://img6.wsimg.com/ux-assets/react/18/react-dom.umd.js:10:48168)
    at wi (https://img6.wsimg.com/ux-assets/react/18/react-dom.umd.js:10:120880)
    at vs (https://img6.wsimg.com/ux-assets/react/18/react-dom.umd.js:10:108458)
    at hs (https://img6.wsimg.com/ux-assets/react/18/react-dom.umd.js:10:108386)
    at ms (https://img6.wsimg.com/ux-assets/react/18/react-dom.umd.js:10:108249)
    at ts (https://img6.wsimg.com/ux-assets/react/18/react-dom.umd.js:10:103414)
    at w (https://img6.wsimg.com/ux-assets/react/18/react-dom.umd.js:1:1856)
    at MessagePort.P (https://img6.wsimg.com/ux-assets/react/18/react-dom.umd.js:1:2388)
[  259906ms] Error: Minified React error #418; visit https://reactjs.org/docs/error-decoder.html?invariant=418 for the full message or use the non-minified dev environment for full errors and additional helpful warnings.
    at oa (https://img6.wsimg.com/ux-assets/react/18/react-dom.umd.js:10:48168)
    at wi (https://img6.wsimg.com/ux-assets/react/18/react-dom.umd.js:10:120880)
    at vs (https://img6.wsimg.com/ux-assets/react/18/react-dom.umd.js:10:108458)
    at hs (https://img6.wsimg.com/ux-assets/react/18/react-dom.umd.js:10:108386)
    at ms (https://img6.wsimg.com/ux-assets/react/18/react-dom.umd.js:10:108249)
    at ts (https://img6.wsimg.com/ux-assets/react/18/react-dom.umd.js:10:103414)
    at w (https://img6.wsimg.com/ux-assets/react/18/react-dom.umd.js:1:1856)
    at MessagePort.P (https://img6.wsimg.com/ux-assets/react/18/react-dom.umd.js:1:2388)
[  259906ms] Error: Minified React error #418; visit https://reactjs.org/docs/error-decoder.html?invariant=418 for the full message or use the non-minified dev environment for full errors and additional helpful warnings.
    at oa (https://img6.wsimg.com/ux-assets/react/18/react-dom.umd.js:10:48168)
    at wi (https://img6.wsimg.com/ux-assets/react/18/react-dom.umd.js:10:120880)
    at vs (https://img6.wsimg.com/ux-assets/react/18/react-dom.umd.js:10:108458)
    at hs (https://img6.wsimg.com/ux-assets/react/18/react-dom.umd.js:10:108386)
    at ms (https://img6.wsimg.com/ux-assets/react/18/react-dom.umd.js:10:108249)
    at ts (https://img6.wsimg.com/ux-assets/react/18/react-dom.umd.js:10:103414)
    at w (https://img6.wsimg.com/ux-assets/react/18/react-dom.umd.js:1:1856)
    at MessagePort.P (https://img6.wsimg.com/ux-assets/react/18/react-dom.umd.js:1:2388)
[  259906ms] Error: Minified React error #418; visit https://reactjs.org/docs/error-decoder.html?invariant=418 for the full message or use the non-minified dev environment for full errors and additional helpful warnings.
    at oa (https://img6.wsimg.com/ux-assets/react/18/react-dom.umd.js:10:48168)
    at wi (https://img6.wsimg.com/ux-assets/react/18/react-dom.umd.js:10:120880)
    at vs (https://img6.wsimg.com/ux-assets/react/18/react-dom.umd.js:10:108458)
    at hs (https://img6.wsimg.com/ux-assets/react/18/react-dom.umd.js:10:108386)
    at ms (https://img6.wsimg.com/ux-assets/react/18/react-dom.umd.js:10:108249)
    at ts (https://img6.wsimg.com/ux-assets/react/18/react-dom.umd.js:10:103414)
    at w (https://img6.wsimg.com/ux-assets/react/18/react-dom.umd.js:1:1856)
    at MessagePort.P (https://img6.wsimg.com/ux-assets/react/18/react-dom.umd.js:1:2388)
[  259906ms] Error: Minified React error #418; visit https://reactjs.org/docs/error-decoder.html?invariant=418 for the full message or use the non-minified dev environment for full errors and additional helpful warnings.
    at oa (https://img6.wsimg.com/ux-assets/react/18/react-dom.umd.js:10:48168)
    at wi (https://img6.wsimg.com/ux-assets/react/18/react-dom.umd.js:10:120880)
    at vs (https://img6.wsimg.com/ux-assets/react/18/react-dom.umd.js:10:108458)
    at hs (https://img6.wsimg.com/ux-assets/react/18/react-dom.umd.js:10:108386)
    at ms (https://img6.wsimg.com/ux-assets/react/18/react-dom.umd.js:10:108249)
    at ts (https://img6.wsimg.com/ux-assets/react/18/react-dom.umd.js:10:103414)
    at w (https://img6.wsimg.com/ux-assets/react/18/react-dom.umd.js:1:1856)
    at MessagePort.P (https://img6.wsimg.com/ux-assets/react/18/react-dom.umd.js:1:2388)
[  259906ms] Error: Minified React error #418; visit https://reactjs.org/docs/error-decoder.html?invariant=418 for the full message or use the non-minified dev environment for full errors and additional helpful warnings.
    at oa (https://img6.wsimg.com/ux-assets/react/18/react-dom.umd.js:10:48168)
    at wi (https://img6.wsimg.com/ux-assets/react/18/react-dom.umd.js:10:120880)
    at vs (https://img6.wsimg.com/ux-assets/react/18/react-dom.umd.js:10:108458)
    at hs (https://img6.wsimg.com/ux-assets/react/18/react-dom.umd.js:10:108386)
    at ms (https://img6.wsimg.com/ux-assets/react/18/react-dom.umd.js:10:108249)
    at ts (https://img6.wsimg.com/ux-assets/react/18/react-dom.umd.js:10:103414)
    at w (https://img6.wsimg.com/ux-assets/react/18/react-dom.umd.js:1:1856)
    at MessagePort.P (https://img6.wsimg.com/ux-assets/react/18/react-dom.umd.js:1:2388)
[  259906ms] Error: Minified React error #418; visit https://reactjs.org/docs/error-decoder.html?invariant=418 for the full message or use the non-minified dev environment for full errors and additional helpful warnings.
    at oa (https://img6.wsimg.com/ux-assets/react/18/react-dom.umd.js:10:48168)
    at wi (https://img6.wsimg.com/ux-assets/react/18/react-dom.umd.js:10:120880)
    at vs (https://img6.wsimg.com/ux-assets/react/18/react-dom.umd.js:10:108458)
    at hs (https://img6.wsimg.com/ux-assets/react/18/react-dom.umd.js:10:108386)
    at ms (https://img6.wsimg.com/ux-assets/react/18/react-dom.umd.js:10:108249)
    at ts (https://img6.wsimg.com/ux-assets/react/18/react-dom.umd.js:10:103414)
    at w (https://img6.wsimg.com/ux-assets/react/18/react-dom.umd.js:1:1856)
    at MessagePort.P (https://img6.wsimg.com/ux-assets/react/18/react-dom.umd.js:1:2388)
[  259906ms] Error: Minified React error #418; visit https://reactjs.org/docs/error-decoder.html?invariant=418 for the full message or use the non-minified dev environment for full errors and additional helpful warnings.
    at oa (https://img6.wsimg.com/ux-assets/react/18/react-dom.umd.js:10:48168)
    at wi (https://img6.wsimg.com/ux-assets/react/18/react-dom.umd.js:10:120880)
    at vs (https://img6.wsimg.com/ux-assets/react/18/react-dom.umd.js:10:108458)
    at hs (https://img6.wsimg.com/ux-assets/react/18/react-dom.umd.js:10:108386)
    at ms (https://img6.wsimg.com/ux-assets/react/18/react-dom.umd.js:10:108249)
    at ts (https://img6.wsimg.com/ux-assets/react/18/react-dom.umd.js:10:103414)
    at w (https://img6.wsimg.com/ux-assets/react/18/react-dom.umd.js:1:1856)
    at MessagePort.P (https://img6.wsimg.com/ux-assets/react/18/react-dom.umd.js:1:2388)
[  259906ms] Error: Minified React error #423; visit https://reactjs.org/docs/error-decoder.html?invariant=423 for the full message or use the non-minified dev environment for full errors and additional helpful warnings.
    at wi (https://img6.wsimg.com/ux-assets/react/18/react-dom.umd.js:10:120566)
    at vs (https://img6.wsimg.com/ux-assets/react/18/react-dom.umd.js:10:108458)
    at hs (https://img6.wsimg.com/ux-assets/react/18/react-dom.umd.js:10:108386)
    at ms (https://img6.wsimg.com/ux-assets/react/18/react-dom.umd.js:10:108249)
    at rs (https://img6.wsimg.com/ux-assets/react/18/react-dom.umd.js:10:105084)
    at ts (https://img6.wsimg.com/ux-assets/react/18/react-dom.umd.js:10:103640)
    at w (https://img6.wsimg.com/ux-assets/react/18/react-dom.umd.js:1:1856)
    at MessagePort.P (https://img6.wsimg.com/ux-assets/react/18/react-dom.umd.js:1:2388)
[  260821ms] [LOG] data = {standardEventName: PageView, tagIds: Array(5), eventName: standard, advancedMatching: false, includeTcf: false} @ https://img1.wsimg.com/tagging/js/g.js?p=GTM-5WB8X7D&l=_wGtmDataLayer:988
[  261812ms] [ERROR] Failed to load resource: the server responded with a status of 403 () @ https://www.godaddy.com/device-risk/general5/gCXbkfe08EXkWVwoV47pGOwRrZgO9gm1DGsVtkV4Wiw/static_wdp.js?loaderVer=5.8.1&compat=false&tp=true&tp_split=false&fp_static=true&fp_dyn=true:0
[  262331ms] [ERROR] Attestation check for Attribution Reporting on https://ara.paa-reporting-advertising.amazon failed. @ https://www.godaddy.com/offers/brand/new?isc=GDWELCOME&countryview=1&currencyType=USD&cdtl=c_19569145579.g_145216548196.k_kwd-88659201.a_785111935082.d_c.ctv_g&bnb=b&gad_source=1&gad_campaignid=19569145579&gbraid=0AAAAAD_AGdzYdWxOjBq-jSINosfpLWM3I&gclid=EAIaIQobChMI0-rcxbC1lQMVjQm8AR0CrDrTEAAYBCAAEgJxcvD_BwE:0
[  262333ms] [ERROR] Attestation check for Shared Storage on https://ara.paa-reporting-advertising.amazon failed. @ https://www.godaddy.com/offers/brand/new?isc=GDWELCOME&countryview=1&currencyType=USD&cdtl=c_19569145579.g_145216548196.k_kwd-88659201.a_785111935082.d_c.ctv_g&bnb=b&gad_source=1&gad_campaignid=19569145579&gbraid=0AAAAAD_AGdzYdWxOjBq-jSINosfpLWM3I&gclid=EAIaIQobChMI0-rcxbC1lQMVjQm8AR0CrDrTEAAYBCAAEgJxcvD_BwE:0
[  268755ms] [WARNING] A preload for 'https://img6.wsimg.com/wrhs-next/b70590ed64345bd491161f8ab51d642e/storefront-header.js' is found, but is not used because the request credentials mode does not match. Consider taking a look at crossorigin attribute. @ https://www.godaddy.com/domainsearch/find?domainToCheck=lume.link&tmskey=sem_godaddy_brand:0
[  271566ms] [ERROR] Invalid key/value pair found in Traffic's custom properties (tData). Objects, arrays, and functions are not supported.

Key: 'downlinkMax' Value: 'null' Type: 'object'. @ https://img6.wsimg.com/wrhs-next/47b602f4ac7d2ccba2f5498e76ba2af2/scc-gd-c1.min.js:0
[  271566ms] [ERROR] Invalid key/value pair found in Traffic's custom properties (tData). Objects, arrays, and functions are not supported.

Key: 'type' Value: 'null' Type: 'object'. @ https://img6.wsimg.com/wrhs-next/47b602f4ac7d2ccba2f5498e76ba2af2/scc-gd-c1.min.js:0
[  271567ms] [ERROR] Invalid key/value pair found in Traffic's custom properties (tData). Objects, arrays, and functions are not supported.

Key: 'key' Value: 'null' Type: 'object'. @ https://img6.wsimg.com/wrhs-next/47b602f4ac7d2ccba2f5498e76ba2af2/scc-gd-c1.min.js:0
[  271567ms] [ERROR] Invalid key/value pair found in Traffic's custom properties (tData). Objects, arrays, and functions are not supported.

Key: 'utm_medium' Value: 'null' Type: 'object'. @ https://img6.wsimg.com/wrhs-next/47b602f4ac7d2ccba2f5498e76ba2af2/scc-gd-c1.min.js:0
[  271774ms] [LOG] data = {standardEventName: PageView, tagIds: Array(5), eventName: standard, advancedMatching: false, includeTcf: false} @ https://img1.wsimg.com/tagging/js/g.js?p=GTM-5WB8X7D&l=_wGtmDataLayer:988
[  272314ms] [ERROR] Attestation check for Attribution Reporting on https://ara.paa-reporting-advertising.amazon failed. @ https://www.godaddy.com/domainsearch/find?domainToCheck=lume.link&tmskey=sem_godaddy_brand:0
[  272315ms] [ERROR] Attestation check for Shared Storage on https://ara.paa-reporting-advertising.amazon failed. @ https://www.godaddy.com/domainsearch/find?domainToCheck=lume.link&tmskey=sem_godaddy_brand:0
[  272377ms] Unexpected identifier 'content'
[  292948ms] [WARNING] The resource https://img6.wsimg.com/wrhs-next/b70590ed64345bd491161f8ab51d642e/storefront-header.js was preloaded using link preload but not used within a few seconds from the window's load event. Please make sure it has an appropriate `as` value and it is preloaded intentionally. @ https://www.godaddy.com/domainsearch/find?domainToCheck=lume.link&tmskey=sem_godaddy_brand:0
[  292948ms] [WARNING] The resource https://img6.wsimg.com/serpimg/img/solutionsimg/serp_animation_loader.gif was preloaded using link preload but not used within a few seconds from the window's load event. Please make sure it has an appropriate `as` value and it is preloaded intentionally. @ https://www.godaddy.com/domainsearch/find?domainToCheck=lume.link&tmskey=sem_godaddy_brand:0
[  300812ms] [WARNING] The resource https://img6.wsimg.com/wrhs-next/b70590ed64345bd491161f8ab51d642e/storefront-header.js was preloaded using link preload but not used within a few seconds from the window's load event. Please make sure it has an appropriate `as` value and it is preloaded intentionally. @ https://www.godaddy.com/domainsearch/find?domainToCheck=lume.link&tmskey=sem_godaddy_brand:0
[  300812ms] [WARNING] The resource https://img6.wsimg.com/serpimg/img/solutionsimg/serp_animation_loader.gif was preloaded using link preload but not used within a few seconds from the window's load event. Please make sure it has an appropriate `as` value and it is preloaded intentionally. @ https://www.godaddy.com/domainsearch/find?domainToCheck=lume.link&tmskey=sem_godaddy_brand:0
[  353508ms] [WARNING] The resource https://img6.wsimg.com/wrhs-next/b70590ed64345bd491161f8ab51d642e/storefront-header.js was preloaded using link preload but not used within a few seconds from the window's load event. Please make sure it has an appropriate `as` value and it is preloaded intentionally. @ https://www.godaddy.com/domainsearch/find?domainToCheck=lume.link&tmskey=sem_godaddy_brand:0
[  353508ms] [WARNING] The resource https://img6.wsimg.com/serpimg/img/solutionsimg/serp_animation_loader.gif was preloaded using link preload but not used within a few seconds from the window's load event. Please make sure it has an appropriate `as` value and it is preloaded intentionally. @ https://www.godaddy.com/domainsearch/find?domainToCheck=lume.link&tmskey=sem_godaddy_brand:0
[  414592ms] [WARNING] The resource https://img6.wsimg.com/wrhs-next/b70590ed64345bd491161f8ab51d642e/storefront-header.js was preloaded using link preload but not used within a few seconds from the window's load event. Please make sure it has an appropriate `as` value and it is preloaded intentionally. @ https://www.godaddy.com/domainsearch/find?domainToCheck=lume.link&tmskey=sem_godaddy_brand:0
[  414592ms] [WARNING] The resource https://img6.wsimg.com/serpimg/img/solutionsimg/serp_animation_loader.gif was preloaded using link preload but not used within a few seconds from the window's load event. Please make sure it has an appropriate `as` value and it is preloaded intentionally. @ https://www.godaddy.com/domainsearch/find?domainToCheck=lume.link&tmskey=sem_godaddy_brand:0
[  437928ms] [WARNING] <link rel=preload> must have a valid `as` value @ https://sso.godaddy.com/login/progressive?iframe=true&enableCheckoutLite=true&suppressWelcomeEmail=true&experiment=non-cv&app=www&path=%2Fdomainsearch%2Ffind%3FdomainToCheck%3Dlume.link%26tmskey%3Dsem_godaddy_brand&referer=https%3A%2F%2Fwww.godaddy.com:178
[  438645ms] [ERROR] Permissions policy violation: accelerometer is not allowed in this document. @ https://mpsnare.iesnare.com/general5/gCXbkfe08EXkWVwoV47pGOwRrZgO9gm1DGsVtkV4Wiw/wdp.js?loaderVer=5.8.1&compat=false&tp=true&tp_split=false&fp_static=true&fp_dyn=true:37
[  438645ms] [WARNING] The devicemotion events are blocked by permissions policy. See https://github.com/w3c/webappsec-permissions-policy/blob/master/features.md#sensor-features @ https://mpsnare.iesnare.com/general5/gCXbkfe08EXkWVwoV47pGOwRrZgO9gm1DGsVtkV4Wiw/wdp.js?loaderVer=5.8.1&compat=false&tp=true&tp_split=false&fp_static=true&fp_dyn=true:37
[  438645ms] [ERROR] Permissions policy violation: accelerometer is not allowed in this document. @ https://mpsnare.iesnare.com/general5/gCXbkfe08EXkWVwoV47pGOwRrZgO9gm1DGsVtkV4Wiw/wdp.js?loaderVer=5.8.1&compat=false&tp=true&tp_split=false&fp_static=true&fp_dyn=true:37
[  438645ms] [WARNING] The deviceorientation events are blocked by permissions policy. See https://github.com/w3c/webappsec-permissions-policy/blob/master/features.md#sensor-features @ https://mpsnare.iesnare.com/general5/gCXbkfe08EXkWVwoV47pGOwRrZgO9gm1DGsVtkV4Wiw/wdp.js?loaderVer=5.8.1&compat=false&tp=true&tp_split=false&fp_static=true&fp_dyn=true:37
[  438862ms] [ERROR] Permissions policy violation: accelerometer is not allowed in this document. @ https://sso.godaddy.com/device-risk/general5/gCXbkfe08EXkWVwoV47pGOwRrZgO9gm1DGsVtkV4Wiw/static_wdp.js?loaderVer=5.8.1&compat=false&tp=true&tp_split=false&fp_static=true&fp_dyn=true:39
[  438862ms] [WARNING] The devicemotion events are blocked by permissions policy. See https://github.com/w3c/webappsec-permissions-policy/blob/master/features.md#sensor-features @ https://sso.godaddy.com/device-risk/general5/gCXbkfe08EXkWVwoV47pGOwRrZgO9gm1DGsVtkV4Wiw/static_wdp.js?loaderVer=5.8.1&compat=false&tp=true&tp_split=false&fp_static=true&fp_dyn=true:39
[  438862ms] [ERROR] Permissions policy violation: accelerometer is not allowed in this document. @ https://sso.godaddy.com/device-risk/general5/gCXbkfe08EXkWVwoV47pGOwRrZgO9gm1DGsVtkV4Wiw/static_wdp.js?loaderVer=5.8.1&compat=false&tp=true&tp_split=false&fp_static=true&fp_dyn=true:39
[  438862ms] [WARNING] The deviceorientation events are blocked by permissions policy. See https://github.com/w3c/webappsec-permissions-policy/blob/master/features.md#sensor-features @ https://sso.godaddy.com/device-risk/general5/gCXbkfe08EXkWVwoV47pGOwRrZgO9gm1DGsVtkV4Wiw/static_wdp.js?loaderVer=5.8.1&compat=false&tp=true&tp_split=false&fp_static=true&fp_dyn=true:39
[  438883ms] [ERROR] Failed to load resource: the server responded with a status of 429 (Too Many Requests) @ https://sso.godaddy.com/149e9513-01fa-4fb0-aad4-566afd725d1b/2d206a39-8ed7-437e-a3be-862e0f06eea3/fp?x-kpsdk-v=j-1.2.522:0
[  439012ms] [LOG] Error @ :2
[  439208ms] [LOG] Error @ :2
[  445639ms] [WARNING] The resource https://img6.wsimg.com/wrhs-next/b70590ed64345bd491161f8ab51d642e/storefront-header.js was preloaded using link preload but not used within a few seconds from the window's load event. Please make sure it has an appropriate `as` value and it is preloaded intentionally. @ https://www.godaddy.com/domainsearch/find?domainToCheck=lume.link&tmskey=sem_godaddy_brand:0
[  445639ms] [WARNING] The resource https://img6.wsimg.com/serpimg/img/solutionsimg/serp_animation_loader.gif was preloaded using link preload but not used within a few seconds from the window's load event. Please make sure it has an appropriate `as` value and it is preloaded intentionally. @ https://www.godaddy.com/domainsearch/find?domainToCheck=lume.link&tmskey=sem_godaddy_brand:0
[  454203ms] [WARNING] The resource https://img6.wsimg.com/wrhs-next/b70590ed64345bd491161f8ab51d642e/storefront-header.js was preloaded using link preload but not used within a few seconds from the window's load event. Please make sure it has an appropriate `as` value and it is preloaded intentionally. @ https://www.godaddy.com/domainsearch/find?domainToCheck=lume.link&tmskey=sem_godaddy_brand:0
[  454204ms] [WARNING] The resource https://img6.wsimg.com/serpimg/img/solutionsimg/serp_animation_loader.gif was preloaded using link preload but not used within a few seconds from the window's load event. Please make sure it has an appropriate `as` value and it is preloaded intentionally. @ https://www.godaddy.com/domainsearch/find?domainToCheck=lume.link&tmskey=sem_godaddy_brand:0
[  475718ms] [WARNING] The resource https://img6.wsimg.com/wrhs-next/b70590ed64345bd491161f8ab51d642e/storefront-header.js was preloaded using link preload but not used within a few seconds from the window's load event. Please make sure it has an appropriate `as` value and it is preloaded intentionally. @ https://www.godaddy.com/domainsearch/find?domainToCheck=lume.link&tmskey=sem_godaddy_brand:0
[  475718ms] [WARNING] The resource https://img6.wsimg.com/serpimg/img/solutionsimg/serp_animation_loader.gif was preloaded using link preload but not used within a few seconds from the window's load event. Please make sure it has an appropriate `as` value and it is preloaded intentionally. @ https://www.godaddy.com/domainsearch/find?domainToCheck=lume.link&tmskey=sem_godaddy_brand:0
[  536759ms] [WARNING] The resource https://img6.wsimg.com/wrhs-next/b70590ed64345bd491161f8ab51d642e/storefront-header.js was preloaded using link preload but not used within a few seconds from the window's load event. Please make sure it has an appropriate `as` value and it is preloaded intentionally. @ https://www.godaddy.com/domainsearch/find?domainToCheck=lume.link&tmskey=sem_godaddy_brand:0
[  536759ms] [WARNING] The resource https://img6.wsimg.com/serpimg/img/solutionsimg/serp_animation_loader.gif was preloaded using link preload but not used within a few seconds from the window's load event. Please make sure it has an appropriate `as` value and it is preloaded intentionally. @ https://www.godaddy.com/domainsearch/find?domainToCheck=lume.link&tmskey=sem_godaddy_brand:0
[  550873ms] [WARNING] The resource https://img6.wsimg.com/wrhs-next/b70590ed64345bd491161f8ab51d642e/storefront-header.js was preloaded using link preload but not used within a few seconds from the window's load event. Please make sure it has an appropriate `as` value and it is preloaded intentionally. @ https://www.godaddy.com/domainsearch/find?domainToCheck=lume.link&tmskey=sem_godaddy_brand:0
[  550873ms] [WARNING] The resource https://img6.wsimg.com/serpimg/img/solutionsimg/serp_animation_loader.gif was preloaded using link preload but not used within a few seconds from the window's load event. Please make sure it has an appropriate `as` value and it is preloaded intentionally. @ https://www.godaddy.com/domainsearch/find?domainToCheck=lume.link&tmskey=sem_godaddy_brand:0
[  574509ms] [WARNING] The resource https://img6.wsimg.com/wrhs-next/b70590ed64345bd491161f8ab51d642e/storefront-header.js was preloaded using link preload but not used within a few seconds from the window's load event. Please make sure it has an appropriate `as` value and it is preloaded intentionally. @ https://www.godaddy.com/domainsearch/find?domainToCheck=lume.link&tmskey=sem_godaddy_brand:0
[  574510ms] [WARNING] The resource https://img6.wsimg.com/serpimg/img/solutionsimg/serp_animation_loader.gif was preloaded using link preload but not used within a few seconds from the window's load event. Please make sure it has an appropriate `as` value and it is preloaded intentionally. @ https://www.godaddy.com/domainsearch/find?domainToCheck=lume.link&tmskey=sem_godaddy_brand:0
