[    1562ms] [WARNING] Manifest: property 'start_url' ignored, should be same origin as document. @ https://spaceship-cdn.com/static/spaceship/favicon/manifest-v4.json:0
[    1820ms] [INFO] ILC plugins SDK: Enabling "reporting" plugin ... @ https://spaceship-cdn.com/ilc-conventional/80605600250ca4ff32ac5b25bfd158c37cab5b09/client.js:97
[    1820ms] [INFO] ILC plugins SDK: Enabling "transitionHooks" plugin ... @ https://spaceship-cdn.com/ilc-conventional/80605600250ca4ff32ac5b25bfd158c37cab5b09/client.js:97
[    1823ms] [INFO] {now: 1783042016, hash: 3718087656, memoName: registry_getTemplate, id: undefined, cachedAt: undefined} [ILC Cache]: Invalidation started @ https://spaceship-cdn.com/ilc-conventional/80605600250ca4ff32ac5b25bfd158c37cab5b09/client.js:97
[    1825ms] [INFO] {now: 1783042016, hash: 3718087656, memoName: registry_getTemplate, id: undefined} [ILC Cache]: Item read from API. Can not find anything in stale cache @ https://spaceship-cdn.com/ilc-conventional/80605600250ca4ff32ac5b25bfd158c37cab5b09/client.js:97
[    1850ms] [INFO] ILC: Registering app @cookieconsent after 24 milliseconds. @ https://spaceship-cdn.com/ilc-conventional/80605600250ca4ff32ac5b25bfd158c37cab5b09/client.js:97
[    1851ms] [INFO] ILC: Registering app @header after 25.799999997019768 milliseconds. @ https://spaceship-cdn.com/ilc-conventional/80605600250ca4ff32ac5b25bfd158c37cab5b09/client.js:97
[    1852ms] [INFO] ILC: Registering app @user-restrictions after 26.599999994039536 milliseconds. @ https://spaceship-cdn.com/ilc-conventional/80605600250ca4ff32ac5b25bfd158c37cab5b09/client.js:97
[    1852ms] [INFO] ILC: Registering app @body after 26.899999991059303 milliseconds. @ https://spaceship-cdn.com/ilc-conventional/80605600250ca4ff32ac5b25bfd158c37cab5b09/client.js:97
[    1853ms] [INFO] ILC: Registering app @newsletter after 27.19999998807907 milliseconds. @ https://spaceship-cdn.com/ilc-conventional/80605600250ca4ff32ac5b25bfd158c37cab5b09/client.js:97
[    1853ms] [INFO] ILC: Registering app @footer after 27.399999991059303 milliseconds. @ https://spaceship-cdn.com/ilc-conventional/80605600250ca4ff32ac5b25bfd158c37cab5b09/client.js:97
[    1853ms] [INFO] ILC: Registering app @wizard after 27.599999994039536 milliseconds. @ https://spaceship-cdn.com/ilc-conventional/80605600250ca4ff32ac5b25bfd158c37cab5b09/client.js:97
[    1853ms] [INFO] ILC: Registering app @alf-launcher after 27.899999991059303 milliseconds. @ https://spaceship-cdn.com/ilc-conventional/80605600250ca4ff32ac5b25bfd158c37cab5b09/client.js:97
[    2019ms] [INFO] {now: 1783042016, hash: 3718087656, memoName: registry_getTemplate, id: undefined, cachedAt: 1783042016} [ILC Cache]: Invalidation finished @ https://spaceship-cdn.com/ilc-conventional/80605600250ca4ff32ac5b25bfd158c37cab5b09/client.js:97
[    2019ms] [INFO] ILC: Registry service preheated successfully @ https://spaceship-cdn.com/ilc-conventional/80605600250ca4ff32ac5b25bfd158c37cab5b09/client.js:97
[    2245ms] [INFO] ILC: Client side route change to "/domains/*" took 404 milliseconds. @ https://spaceship-cdn.com/ilc-conventional/80605600250ca4ff32ac5b25bfd158c37cab5b09/client.js:97
[    2245ms] [INFO] ILC: Client side route change to "/domains/*" but <title> is <empty> @ https://spaceship-cdn.com/ilc-conventional/80605600250ca4ff32ac5b25bfd158c37cab5b09/client.js:97
[    2715ms] [ERROR] Connecting to 'https://ad.doubleclick.net/ccm/s/collect?auid=385363035.1783042017&gtm=45He66u1v812356919za200zd812356919xea' violates the following Content Security Policy directive: "connect-src 'self' https://spaceship-cdn.com https://s3.us-west-2.amazonaws.com/production-pdf-generation-api-pdf-documents/ https://s3.us-west-2.amazonaws.com/production-featurerequesthub-storage/ https://s3.us-west-2.amazonaws.com/production-websitebuilder-ui/ https://s3.us-west-2.amazonaws.com/production-orders-transactions-storage/exports/ https://production-hosting-cpaneltransferin-bff-storage.s3.us-west-2.amazonaws.com/ https://production-cpaneltransferin-bff-storage.s3.us-west-2.amazonaws.com/ https://production-ai-builder-storage.s3.us-west-2.amazonaws.com/ https://premiums.namecheapapi.com https://api.revved.com https://bam.nr-data.net wss://notification.www.spaceship.com wss://domains-ws.revved.com https://*.google-analytics.com https://*.analytics.google.com https://*.googletagmanager.com https://*.g.doubleclick.net https://*.google.com wss://www.spaceship.com https://www.spaceship.com https://*.crazyegg.com https://*.trustpilot.com https://ads-twitter.com https://ads-api.twitter.com https://analytics.twitter.com https://bat.bing.com https://bat.bing.net https://chat.engagement.ai https://api.stripe.com https://maps.googleapis.com wss://us-phx-1-vm-console.spaceship.com wss://ap-sgp-1-1-vm-console.spaceship.com wss://us-phx-1-1-vm-command-line.spaceship.com wss://ap-sgp-1-1-vm-command-line.spaceship.com https://production-aftermarket-storage.s3.us-west-2.amazonaws.com https://production-aftermarket-domains-export-storage.s3.us-west-2.amazonaws.com https://production-aftermarket-sold-export-storage.s3.us-west-2.amazonaws.com https://evnt.byspotify.com https://pixels.spotify.com https://www.facebook.com https://*.reddit.com https://static.websitebuilder-cdn.com/scripts/sdk/ https://syndication.twitter.com https://platform.twitter.com https://www.googleadservices.com". The action has been blocked. @ https://www.spaceship.com/domains/gtld/link/?irclickid=wGJVbbyB-xyZToeW3owOfWDqUkuQYAV5M2xDVg0&utm_source=IR&utm_medium=Affiliate&utm_campaign=124005&irgwc=1&afsrc=1:18
[    2715ms] [ERROR] Fetch API cannot load https://ad.doubleclick.net/ccm/s/collect?auid=385363035.1783042017&gtm=45He66u1v812356919za200zd812356919xea. Refused to connect because it violates the document's Content Security Policy. @ https://www.spaceship.com/domains/gtld/link/?irclickid=wGJVbbyB-xyZToeW3owOfWDqUkuQYAV5M2xDVg0&utm_source=IR&utm_medium=Affiliate&utm_campaign=124005&irgwc=1&afsrc=1:18
[    7115ms] [LOG] start ....  @ https://spaceship-cdn.com/ilc-conventional/80605600250ca4ff32ac5b25bfd158c37cab5b09/client.js:97
[    7120ms] [WARNING] [Meta Pixel] - Removed URL query parameters due to potential violations. @ https://connect.facebook.net/en_US/fbevents.js:187
[    7144ms] [ERROR] Framing 'https://www.facebook.com/' violates the following Content Security Policy directive: "frame-src https://*.paypal.com https://js.stripe.com https://www.google.com https://*.doubleclick.net https://*.googletagmanager.com https://*.crazyegg.com https://*.trustpilot.com https://chat.engagement.ai blob: https://hooks.stripe.com https://challenges.cloudflare.com https://cdn.plaid.com https://www.spaceship.com https://alf-website.www.spaceship.com https://www.youtube-nocookie.com https://platform.twitter.com". The request has been blocked.
 @ https://www.googletagmanager.com/:0
[    7455ms] [INFO] ILC: Client side route change to "/domain-search/*" took 332 milliseconds. @ https://spaceship-cdn.com/ilc-conventional/80605600250ca4ff32ac5b25bfd158c37cab5b09/client.js:97
[    7455ms] [INFO] ILC: Client side route change to "/domain-search/*" but not mutate <title>. Previous title is <empty> @ https://spaceship-cdn.com/ilc-conventional/80605600250ca4ff32ac5b25bfd158c37cab5b09/client.js:97
[    7455ms] [INFO] ILC: Client side route change to "/domain-search/*" but <title> is <empty> @ https://spaceship-cdn.com/ilc-conventional/80605600250ca4ff32ac5b25bfd158c37cab5b09/client.js:97
[    7999ms] [ERROR] Failed to load resource: the server responded with a status of 401 () @ https://www.spaceship.com/connect/userinfo:0
[    8809ms] [WARNING] domain-search | Resources were not loaded | {errorDetails: Array(5)} @ https://spaceship-cdn.com/domain-search/app.e70b80ae714bc7dbad9d.js:122
[  887176ms] [WARNING] The width(-1) and height(-1) of chart should be greater than 0,
       please check the style of container, or the props width(100%) and height(100%),
       or add a minWidth(0) or minHeight(undefined) or use aspect(undefined) to control the
       height and width. @ https://spaceship-cdn.com/domain-search/app.e70b80ae714bc7dbad9d.js:124
[  967488ms] [WARNING] domain-search | Resources were not loaded | {errorDetails: Array(1)} @ https://spaceship-cdn.com/domain-search/app.e70b80ae714bc7dbad9d.js:122
[  967723ms] [WARNING] domain-search | Resources were not loaded | {errorDetails: Array(4)} @ https://spaceship-cdn.com/domain-search/app.e70b80ae714bc7dbad9d.js:122
[  979908ms] [WARNING] domain-search | Resources were not loaded | {errorDetails: Array(4)} @ https://spaceship-cdn.com/domain-search/app.e70b80ae714bc7dbad9d.js:122
